Building DAG of jobs...
Using shell: /usr/bin/bash
Provided cores: 1 (use --cores to define parallelism)
Rules claiming more threads will be scaled down.
Job stats:
job      count
-----  -------
help         1
total        1

Select jobs to execute...

[Thu Jan 16 16:04:27 2025]
rule help:
    input: Snakefile
    jobid: 0
    reason: Rules with a run or shell declaration but no output are always executed.
    resources: tmpdir=/tmp

[Thu Jan 16 16:04:27 2025]
Finished job 0.
1 of 1 steps (100%) done
Complete log: .snakemake/log/2025-01-16T160426.991798.snakemake.log
